+ echo 'Log will be saved as logs//make_.log'
++ dirname script/makeTable.sh
++ basename script/makeTable.sh
+ echo '-> Running script/makeTable.sh'
++ whoami
+ echo '    started by: andrea'
++ date
+ echo '    time stamp: Wed Jul 21 22:30:24 EDT 2021'
++ pwd
+ echo '    run from: /home/andrea/litotes'
+ echo ' '
++ cut -f 1 -d .
+++ basename Pat/trial/try.pat
++ echo try.pat
+ context=try
++ echo data/try_conllu.try
+ jsondir=data/try_conllu.try
++ echo try_conllu_try
+ hitslabel=try_conllu_try
+ echo 'context: try'
+ echo 'outupt directory: data/try_conllu.try'
+ echo 'label for hits table: try_conllu_try'
+ echo ' '
++ cat Pat/trial/try.pat
+ echo '%this is a comment


pattern{
  IF [lemma="if"];
  ADV [xpos=RB, lemma <> "not"|"hardly"|"scarcely"|"never"|"rarely"|"barely"|"seldom"|"no"];
  ADJ [xpos="JJ"];
  e2: ADJ -> IF;
  e3: ADJ -[advmod]-> ADV;
  IF << ADV
}'
+ echo 'hits file prefix: try_conllu_try'
+ python3 ./script/grewSearchDir.py try_conllu/ Pat/trial/try.pat data/try_conllu.try
+ python3 ./script/FillJson.py -c try_conllu/ -r data/try_conllu.try
+ python3 script/tabulateHits.py -t -p data/try_conllu.try -o try_conllu_try
+ echo
+ date -ud @5 '+Total time to create hits/_hits.csv: %H:%M:%S'

}
hits file prefix: try_conllu_try
{
  "sent_id": "nyt_eng_19991201_0047_16",
  "file": "try_conllu/nyt_eng_199912.conllu",
  "message": "Unknown identifier `12`",
  "library": "Conllx"
}

Running grew search on conll files in try_conllu...

1 total files to be searched.
searching try_conllu/nyt_eng_199912.conllu...
grew command:  grew grep -pattern Pat/trial/try.pat -i try_conllu/nyt_eng_199912.conllu > data/try_conllu.try/nyt_eng_199912.raw.json
Total time: 0.06 minutes

Running FillJson.py script on json files in try_conllu.try from conll files in try_conllu...

Processing nyt_eng_199912...
	14 hit results filled from 9811 total original sentences in 0.98 seconds
	Writing output file...
	Finished.
Finished processing all corresponding json and conll files.
Time elapsed: 0.02 minutes

Tabulating hits via tabulate.py...
Collecting specified data for json files in try_conllu.try...
|---> Entry not added: hit nyt_eng_19991206_0107_11:16 ("merely skin-deep") already in hit_info dictionary.
|---> Entry not added: hit nyt_eng_19991206_0045_17:31 ("even half-correct") already in hit_info dictionary.
|---> Entry not added: hit nyt_eng_19991201_0107_57:25 ("any different") already in hit_info dictionary.
|---> Entry not added: hit nyt_eng_19991201_0099_17:7 ("really international") already in hit_info dictionary.
|---> Entry not added: hit nyt_eng_19991201_0078_113:4 ("all serious") already in hit_info dictionary.
|---> Entry not added: hit nyt_eng_19991201_0062_25:11 ("as long") already in hit_info dictionary.
|---> Entry not added: hit nyt_eng_19991201_0056_18:4 ("nonetheless eager") already in hit_info dictionary.
^_^ Finished collecting sentence data in all json files.
Writing hits table to file.
-> 7 rows to be recorded in try_conllu_try_hits.csv
-> 14 rows to be recorded in try_conllu_try_duplicates.csv
Time elapsed: 0.002 seconds

Total time to create hits/_hits.csv: 00:00:05
